<?xml version="1.0" encoding="UTF-8"?>
<!-- Generated by org.testng.reporters.JUnitXMLReporter -->
<testsuite ignored="0" hostname="LP-5CG0471MNB" failures="1" tests="3" name="test2" time="74.812" errors="0" timestamp="2024-03-26T15:31:54 IST">
  <testcase classname="SeleFrameworkDesign.FrameworkDesign.ErrorValidationTests" name="productCartCheck" time="17.385">
    <failure type="java.lang.AssertionError" message="expected [true] but found [false]">
      <![CDATA[java.lang.AssertionError: expected [true] but found [false]
at SeleFrameworkDesign.FrameworkDesign.ErrorValidationTests.productCartCheck(ErrorValidationTests.java:32)
at java.base/java.util.ArrayList.forEach(ArrayList.java:1511)
at java.base/java.util.concurrent.FutureTask.run(FutureTask.java:264)
at java.base/java.util.concurrent.ThreadPoolExecutor.runWorker(ThreadPoolExecutor.java:1136)
at java.base/java.util.concurrent.ThreadPoolExecutor$Worker.run(ThreadPoolExecutor.java:635)
at java.base/java.lang.Thread.run(Thread.java:833)
... Removed 21 stack frames]]>
    </failure>
  </testcase> <!-- productCartCheck -->
  <testcase classname="SeleFrameworkDesign.FrameworkDesign.ErrorValidationTests" name="wrongId" time="1.547"/>
  <testcase classname="SeleFrameworkDesign.FrameworkDesign.ErrorValidationTests" name="wrongPassword" time="1.234"/>
</testsuite> <!-- test2 -->
