<?xml version="1.0" encoding="UTF-8"?>
<testng-results ignored="0" total="9" passed="8" failed="1" skipped="0">
  <reporter-output>
  </reporter-output>
  <suite started-at="2024-03-16T17:27:01 IST" name="Sute4" finished-at="2024-03-16T17:27:01 IST" duration-ms="137">
    <groups>
      <group name="smoke">
        <method signature="day2.mobileTestHomeLoan()[pri:0, instance:Test1.day2@18271936]" name="mobileTestHomeLoan" class="Test1.day2"/>
        <method signature="day1.mobileTestCarLoan()[pri:0, instance:Test1.day1@3f4faf53]" name="mobileTestCarLoan" class="Test1.day1"/>
        <method signature="day1.webTestCarLoan()[pri:0, instance:Test1.day1@3f4faf53]" name="webTestCarLoan" class="Test1.day1"/>
      </group> <!-- smoke -->
    </groups>
    <test started-at="2024-03-16T17:27:01 IST" name="test1" finished-at="2024-03-16T17:27:01 IST" duration-ms="137">
      <class name="Test1.day2">
        <test-method is-config="true" signature="beforeTest1()[pri:0, instance:Test1.day2@18271936]" started-at="2024-03-16T17:27:01 IST" name="beforeTest1" finished-at="2024-03-16T17:27:01 IST" duration-ms="1" status="PASS">
          <reporter-output>
          </reporter-output>
        </test-method> <!-- beforeTest1 -->
        <test-method is-config="true" signature="BeforeClass1()[pri:0, instance:Test1.day2@18271936]" started-at="2024-03-16T17:27:01 IST" name="BeforeClass1" finished-at="2024-03-16T17:27:01 IST" duration-ms="1" status="PASS">
          <reporter-output>
          </reporter-output>
        </test-method> <!-- BeforeClass1 -->
        <test-method is-config="true" signature="beforMethod()[pri:0, instance:Test1.day2@18271936]" started-at="2024-03-16T17:27:01 IST" name="beforMethod" finished-at="2024-03-16T17:27:01 IST" duration-ms="1" status="PASS">
          <reporter-output>
          </reporter-output>
        </test-method> <!-- beforMethod -->
        <test-method signature="apiTestHomeLoan()[pri:0, instance:Test1.day2@18271936]" started-at="2024-03-16T17:27:01 IST" name="apiTestHomeLoan" finished-at="2024-03-16T17:27:01 IST" duration-ms="8" status="PASS">
          <reporter-output>
          </reporter-output>
        </test-method> <!-- apiTestHomeLoan -->
        <test-method is-config="true" signature="AfterMethod()[pri:0, instance:Test1.day2@18271936]" started-at="2024-03-16T17:27:01 IST" name="AfterMethod" finished-at="2024-03-16T17:27:01 IST" duration-ms="0" status="PASS">
          <reporter-output>
          </reporter-output>
        </test-method> <!-- AfterMethod -->
        <test-method is-config="true" signature="beforMethod()[pri:0, instance:Test1.day2@18271936]" started-at="2024-03-16T17:27:01 IST" name="beforMethod" finished-at="2024-03-16T17:27:01 IST" duration-ms="1" status="PASS">
          <reporter-output>
          </reporter-output>
        </test-method> <!-- beforMethod -->
        <test-method signature="mobileTestHomeLoan()[pri:0, instance:Test1.day2@18271936]" started-at="2024-03-16T17:27:01 IST" name="mobileTestHomeLoan" finished-at="2024-03-16T17:27:01 IST" duration-ms="3" status="PASS">
          <reporter-output>
          </reporter-output>
        </test-method> <!-- mobileTestHomeLoan -->
        <test-method is-config="true" signature="AfterMethod()[pri:0, instance:Test1.day2@18271936]" started-at="2024-03-16T17:27:01 IST" name="AfterMethod" finished-at="2024-03-16T17:27:01 IST" duration-ms="1" status="PASS">
          <reporter-output>
          </reporter-output>
        </test-method> <!-- AfterMethod -->
        <test-method is-config="true" signature="beforMethod()[pri:0, instance:Test1.day2@18271936]" started-at="2024-03-16T17:27:01 IST" name="beforMethod" finished-at="2024-03-16T17:27:01 IST" duration-ms="1" status="PASS">
          <reporter-output>
          </reporter-output>
        </test-method> <!-- beforMethod -->
        <test-method signature="shivam(java.lang.String,java.lang.String)[pri:0, instance:Test1.day2@18271936]" started-at="2024-03-16T17:27:01 IST" name="shivam" finished-at="2024-03-16T17:27:01 IST" duration-ms="5" status="PASS">
          <params>
            <param index="0">
              <value>
                <![CDATA[www.google.com]]>
              </value>
            </param>
            <param index="1">
              <value>
                <![CDATA[Shivam@123]]>
              </value>
            </param>
          </params>
          <reporter-output>
          </reporter-output>
        </test-method> <!-- shivam -->
        <test-method is-config="true" signature="AfterMethod()[pri:0, instance:Test1.day2@18271936]" started-at="2024-03-16T17:27:01 IST" name="AfterMethod" finished-at="2024-03-16T17:27:01 IST" duration-ms="1" status="PASS">
          <reporter-output>
          </reporter-output>
        </test-method> <!-- AfterMethod -->
        <test-method is-config="true" signature="beforMethod()[pri:0, instance:Test1.day2@18271936]" started-at="2024-03-16T17:27:01 IST" name="beforMethod" finished-at="2024-03-16T17:27:01 IST" duration-ms="1" status="PASS">
          <reporter-output>
          </reporter-output>
        </test-method> <!-- beforMethod -->
        <test-method signature="webTestHomeLoan()[pri:0, instance:Test1.day2@18271936]" started-at="2024-03-16T17:27:01 IST" name="webTestHomeLoan" finished-at="2024-03-16T17:27:01 IST" duration-ms="3" status="PASS">
          <reporter-output>
          </reporter-output>
        </test-method> <!-- webTestHomeLoan -->
        <test-method is-config="true" signature="AfterMethod()[pri:0, instance:Test1.day2@18271936]" started-at="2024-03-16T17:27:01 IST" name="AfterMethod" finished-at="2024-03-16T17:27:01 IST" duration-ms="1" status="PASS">
          <reporter-output>
          </reporter-output>
        </test-method> <!-- AfterMethod -->
        <test-method is-config="true" signature="afterClass1()[pri:0, instance:Test1.day2@18271936]" started-at="2024-03-16T17:27:01 IST" name="afterClass1" finished-at="2024-03-16T17:27:01 IST" duration-ms="5" status="PASS">
          <reporter-output>
          </reporter-output>
        </test-method> <!-- afterClass1 -->
        <test-method is-config="true" signature="afterTest2()[pri:0, instance:Test1.day2@18271936]" started-at="2024-03-16T17:27:01 IST" name="afterTest2" finished-at="2024-03-16T17:27:01 IST" duration-ms="1" status="PASS">
          <reporter-output>
          </reporter-output>
        </test-method> <!-- afterTest2 -->
      </class> <!-- Test1.day2 -->
    </test> <!-- test1 -->
    <test started-at="2024-03-16T17:27:01 IST" name="test2" finished-at="2024-03-16T17:27:01 IST" duration-ms="125">
      <class name="Test1.day2">
        <test-method is-config="true" signature="beforeSuite()[pri:0, instance:Test1.day2@18271936]" started-at="2024-03-16T17:27:01 IST" name="beforeSuite" finished-at="2024-03-16T17:27:01 IST" duration-ms="16" status="PASS">
          <reporter-output>
          </reporter-output>
        </test-method> <!-- beforeSuite -->
        <test-method is-config="true" signature="afterSuite()[pri:0, instance:Test1.day2@18271936]" started-at="2024-03-16T17:27:01 IST" name="afterSuite" finished-at="2024-03-16T17:27:01 IST" duration-ms="1" status="PASS">
          <reporter-output>
          </reporter-output>
        </test-method> <!-- afterSuite -->
      </class> <!-- Test1.day2 -->
      <class name="Test1.day1">
        <test-method signature="Demo()[pri:0, instance:Test1.day1@3f4faf53]" started-at="2024-03-16T17:27:01 IST" name="Demo" finished-at="2024-03-16T17:27:01 IST" duration-ms="29" status="FAIL">
          <exception class="java.lang.AssertionError">
            <message>
              <![CDATA[expected [true] but found [false]]]>
            </message>
            <full-stacktrace>
              <![CDATA[java.lang.AssertionError: expected [true] but found [false]
at org.testng.Assert.fail(Assert.java:111)
at org.testng.Assert.failNotEquals(Assert.java:1578)
at org.testng.Assert.assertTrue(Assert.java:57)
at org.testng.Assert.assertTrue(Assert.java:67)
at Test1.day1.Demo(day1.java:30)
at java.base/jdk.internal.reflect.NativeMethodAccessorImpl.invoke0(Native Method)
at java.base/jdk.internal.reflect.NativeMethodAccessorImpl.invoke(NativeMethodAccessorImpl.java:77)
at java.base/jdk.internal.reflect.DelegatingMethodAccessorImpl.invoke(DelegatingMethodAccessorImpl.java:43)
at java.base/java.lang.reflect.Method.invoke(Method.java:568)
at org.testng.internal.invokers.MethodInvocationHelper.invokeMethod(MethodInvocationHelper.java:139)
at org.testng.internal.invokers.TestInvoker.invokeMethod(TestInvoker.java:664)
at org.testng.internal.invokers.TestInvoker.invokeTestMethod(TestInvoker.java:228)
at org.testng.internal.invokers.MethodRunner.runInSequence(MethodRunner.java:63)
at org.testng.internal.invokers.TestInvoker$MethodInvocationAgent.invoke(TestInvoker.java:961)
at org.testng.internal.invokers.TestInvoker.invokeTestMethods(TestInvoker.java:201)
at org.testng.internal.invokers.TestMethodWorker.invokeTestMethods(TestMethodWorker.java:148)
at org.testng.internal.invokers.TestMethodWorker.run(TestMethodWorker.java:128)
at java.base/java.util.ArrayList.forEach(ArrayList.java:1511)
at org.testng.TestRunner.privateRun(TestRunner.java:819)
at org.testng.TestRunner.run(TestRunner.java:619)
at org.testng.SuiteRunner.runTest(SuiteRunner.java:443)
at org.testng.SuiteRunner$SuiteWorker.run(SuiteRunner.java:481)
at org.testng.internal.thread.ThreadUtil.lambda$execute$0(ThreadUtil.java:58)
at java.base/java.util.concurrent.FutureTask.run(FutureTask.java:264)
at java.base/java.util.concurrent.ThreadPoolExecutor.runWorker(ThreadPoolExecutor.java:1136)
at java.base/java.util.concurrent.ThreadPoolExecutor$Worker.run(ThreadPoolExecutor.java:635)
at java.base/java.lang.Thread.run(Thread.java:833)
]]>
            </full-stacktrace>
          </exception> <!-- java.lang.AssertionError -->
          <reporter-output>
          </reporter-output>
        </test-method> <!-- Demo -->
        <test-method signature="Dinging(java.lang.String)[pri:0, instance:Test1.day1@3f4faf53]" started-at="2024-03-16T17:27:01 IST" name="Dinging" finished-at="2024-03-16T17:27:01 IST" duration-ms="2" status="PASS">
          <params>
            <param index="0">
              <value>
                <![CDATA[Dong]]>
              </value>
            </param>
          </params>
          <reporter-output>
          </reporter-output>
        </test-method> <!-- Dinging -->
        <test-method signature="apiTestCarLoan()[pri:0, instance:Test1.day1@3f4faf53]" started-at="2024-03-16T17:27:01 IST" name="apiTestCarLoan" finished-at="2024-03-16T17:27:01 IST" duration-ms="3" status="PASS">
          <reporter-output>
          </reporter-output>
        </test-method> <!-- apiTestCarLoan -->
        <test-method signature="mobileTestCarLoan()[pri:0, instance:Test1.day1@3f4faf53]" started-at="2024-03-16T17:27:01 IST" name="mobileTestCarLoan" finished-at="2024-03-16T17:27:01 IST" duration-ms="3" status="PASS">
          <reporter-output>
          </reporter-output>
        </test-method> <!-- mobileTestCarLoan -->
        <test-method signature="webTestCarLoan()[pri:0, instance:Test1.day1@3f4faf53]" started-at="2024-03-16T17:27:01 IST" name="webTestCarLoan" finished-at="2024-03-16T17:27:01 IST" duration-ms="3" status="PASS">
          <reporter-output>
          </reporter-output>
        </test-method> <!-- webTestCarLoan -->
      </class> <!-- Test1.day1 -->
    </test> <!-- test2 -->
  </suite> <!-- Sute4 -->
</testng-results>
